2019-09-12 21:45:13+0800 [scrapy] INFO: Scrapy 0.24.4 started (bot: google adsense)
2019-09-12 21:45:13+0800 [scrapy] INFO: Optional features available: ssl, http11
2019-09-12 21:45:13+0800 [scrapy] INFO: Overridden settings: {'COOKIES_DEBUG': True, 'NEWSPIDER_MODULE': 'ockgroup.spiders', 'SPIDER_MODULES': ['ockgroup.spiders'], 'DOWNLOAD_DELAY': 2, 'BOT_NAME': 'google adsense'}
2019-09-12 21:45:13+0800 [scrapy] INFO: Enabled extensions: LogStats, TelnetConsole, CloseSpider, WebService, CoreStats, SpiderState
2019-09-12 21:45:13+0800 [scrapy] INFO: Enabled downloader middlewares: HttpAuthMiddleware, DownloadTimeoutMiddleware, CookiesMiddleware, RandomUserAgentMiddleware, ProxyMiddleware, RetryMiddleware, DefaultHeadersMiddleware, MetaRefreshMiddleware, HttpCompressionMiddleware, RedirectMiddleware, ChunkedTransferMiddleware, DownloaderStats
2019-09-12 21:45:13+0800 [scrapy] INFO: Enabled spider middlewares: HttpErrorMiddleware, OffsiteMiddleware, RefererMiddleware, UrlLengthMiddleware, DepthMiddleware
/usr/local/lib/python2.7/site-packages/scrapy/contrib/pipeline/__init__.py:21: ScrapyDeprecationWarning: ITEM_PIPELINES defined as a list or a set is deprecated, switch to a dict
  category=ScrapyDeprecationWarning, stacklevel=1)
2019-09-12 21:45:13+0800 [scrapy] INFO: Enabled item pipelines: MyFilesPipeline
2019-09-12 21:45:13+0800 [bursamalaysia_yahoo] INFO: Spider opened
2019-09-12 21:45:13+0800 [bursamalaysia_yahoo] INFO: Crawled 0 pages (at 0 pages/min), scraped 0 items (at 0 items/min)
2019-09-12 21:45:13+0800 [scrapy] DEBUG: Telnet console listening on 127.0.0.1:6024
2019-09-12 21:45:13+0800 [scrapy] DEBUG: Web service listening on 127.0.0.1:6081
2019-09-12 21:45:14+0800 [bursamalaysia_yahoo] DEBUG: Received cookies from: <200 https://finance.yahoo.com/quote/FEHS.KL?p=FEHS.KL>
	Set-Cookie: B=045c7ddenkivc&b=3&s=28; expires=Fri, 11-Sep-2020 13:45:17 GMT; path=/; domain=.yahoo.com
2019-09-12 21:45:14+0800 [bursamalaysia_yahoo] DEBUG: Crawled (200) <GET https://finance.yahoo.com/quote/FEHS.KL?p=FEHS.KL> (referer: None)
2019-09-12 21:45:14+0800 [bursamalaysia_yahoo] ERROR: Spider must return Request, BaseItem or None, got 'int' in <GET https://finance.yahoo.com/quote/FEHS.KL?p=FEHS.KL>
2019-09-12 21:45:14+0800 [bursamalaysia_yahoo] INFO: Closing spider (finished)
2019-09-12 21:45:14+0800 [bursamalaysia_yahoo] INFO: Dumping Scrapy stats:
	{'downloader/request_bytes': 267,
	 'downloader/request_count': 1,
	 'downloader/request_method_count/GET': 1,
	 'downloader/response_bytes': 133383,
	 'downloader/response_count': 1,
	 'downloader/response_status_count/200': 1,
	 'finish_reason': 'finished',
	 'finish_time': datetime.datetime(2019, 9, 12, 13, 45, 14, 224055),
	 'log_count/DEBUG': 4,
	 'log_count/ERROR': 1,
	 'log_count/INFO': 7,
	 'response_received_count': 1,
	 'scheduler/dequeued': 1,
	 'scheduler/dequeued/memory': 1,
	 'scheduler/enqueued': 1,
	 'scheduler/enqueued/memory': 1,
	 'start_time': datetime.datetime(2019, 9, 12, 13, 45, 13, 502175)}
2019-09-12 21:45:14+0800 [bursamalaysia_yahoo] INFO: Spider closed (finished)
