2019-09-12 21:45:14+0800 [scrapy] INFO: Scrapy 0.24.4 started (bot: google adsense)
2019-09-12 21:45:14+0800 [scrapy] INFO: Optional features available: ssl, http11
2019-09-12 21:45:14+0800 [scrapy] INFO: Overridden settings: {'COOKIES_DEBUG': True, 'NEWSPIDER_MODULE': 'ockgroup.spiders', 'SPIDER_MODULES': ['ockgroup.spiders'], 'DOWNLOAD_DELAY': 2, 'BOT_NAME': 'google adsense'}
2019-09-12 21:45:14+0800 [scrapy] INFO: Enabled extensions: LogStats, TelnetConsole, CloseSpider, WebService, CoreStats, SpiderState
2019-09-12 21:45:15+0800 [scrapy] INFO: Enabled downloader middlewares: HttpAuthMiddleware, DownloadTimeoutMiddleware, CookiesMiddleware, RandomUserAgentMiddleware, ProxyMiddleware, RetryMiddleware, DefaultHeadersMiddleware, MetaRefreshMiddleware, HttpCompressionMiddleware, RedirectMiddleware, ChunkedTransferMiddleware, DownloaderStats
2019-09-12 21:45:15+0800 [scrapy] INFO: Enabled spider middlewares: HttpErrorMiddleware, OffsiteMiddleware, RefererMiddleware, UrlLengthMiddleware, DepthMiddleware
/usr/local/lib/python2.7/site-packages/scrapy/contrib/pipeline/__init__.py:21: ScrapyDeprecationWarning: ITEM_PIPELINES defined as a list or a set is deprecated, switch to a dict
  category=ScrapyDeprecationWarning, stacklevel=1)
2019-09-12 21:45:15+0800 [scrapy] INFO: Enabled item pipelines: MyFilesPipeline
2019-09-12 21:45:15+0800 [bursamalaysia_charts] INFO: Spider opened
2019-09-12 21:45:15+0800 [bursamalaysia_charts] INFO: Crawled 0 pages (at 0 pages/min), scraped 0 items (at 0 items/min)
2019-09-12 21:45:15+0800 [scrapy] DEBUG: Telnet console listening on 127.0.0.1:6024
2019-09-12 21:45:15+0800 [scrapy] DEBUG: Web service listening on 127.0.0.1:6081
2019-09-12 21:45:18+0800 [bursamalaysia_charts] DEBUG: Received cookies from: <200 http://www.bursamalaysia.com/market/listed-companies/list-of-companies/plc-profile.html?stock_code=5029>
	Set-Cookie: _radiant_cms_base_session=BAh7BzoPc2Vzc2lvbl9pZCIlN2Y4ZDFkMGQzZDk5ZjEwMTMwNGM4MjQwM2QxNjMxYWI6EHJlZGlyZWN0X3RvIlAvbWFya2V0L2xpc3RlZC1jb21wYW5pZXMvbGlzdC1vZi1jb21wYW5pZXMvcGxjLXByb2ZpbGUuaHRtbD9zdG9ja19jb2RlPTUwMjk%3D--ebd3621a6516ad6c22b91c8b10d385259bdf9b06; path=/; HttpOnly
	Set-Cookie: TS01d89267=01db214deb965f83058f440141e0d2267420eef2b55f93825ac53146d904b516ff25d24c6dfa924c80f88714a4d0dc4941a93522abff282d498e9e01573c72ed2019abd346; Path=/; Domain=.www.bursamalaysia.com
2019-09-12 21:45:18+0800 [bursamalaysia_charts] DEBUG: Crawled (200) <GET http://www.bursamalaysia.com/market/listed-companies/list-of-companies/plc-profile.html?stock_code=5029> (referer: None)
2019-09-12 21:45:36+0800 [bursamalaysia_charts] DEBUG: Sending cookies to: <GET http://www.bursamalaysia.com/market/listed-companies/list-of-companies/plc-profile.html?stock_code=5029>
	Cookie: _radiant_cms_base_session=BAh7BzoPc2Vzc2lvbl9pZCIlN2Y4ZDFkMGQzZDk5ZjEwMTMwNGM4MjQwM2QxNjMxYWI6EHJlZGlyZWN0X3RvIlAvbWFya2V0L2xpc3RlZC1jb21wYW5pZXMvbGlzdC1vZi1jb21wYW5pZXMvcGxjLXByb2ZpbGUuaHRtbD9zdG9ja19jb2RlPTUwMjk%3D--ebd3621a6516ad6c22b91c8b10d385259bdf9b06; TS01d89267=01db214debf8cd6b4606c487bc3b68ec1288a6803e1c1d6a6b42224e9e6faba3a0f4803fc72ea8cf18e03d5e764becb8e991cdc47114827ceb5386cbaf0170e07c57b4beb1; _radiant_cms_base_session=BAh7BzoPc2Vzc2lvbl9pZCIlMmJiNThlN2ZmYTgyNDYyNjNmMWY2MDc1YzQxNjg0ZGQ6EHJlZGlyZWN0X3RvIlAvbWFya2V0L2xpc3RlZC1jb21wYW5pZXMvbGlzdC1vZi1jb21wYW5pZXMvcGxjLXByb2ZpbGUuaHRtbD9zdG9ja19jb2RlPTUwMjk%3D--cfb0d0420ef347bf036cf0bf3db5090ca0e09699; __utmz=133856029.1568295922.1.1.utmcsr=(direct)|utmccn=(direct)|utmcmd=(none); __utmt=1; _ga=GA1.2.485482008.1568295922; _gid=GA1.2.809706868.1568295922; _gat_gtag_UA_4292158_61=1; __utma=133856029.485482008.1568295922.1568295922.1568295922.1; __utmb=133856029.2.10.1568295922; __utmc=133856029
2019-09-12 21:45:39+0800 [bursamalaysia_charts] DEBUG: Received cookies from: <200 http://www.bursamalaysia.com/market/listed-companies/list-of-companies/plc-profile.html?stock_code=5029>
	Set-Cookie: _radiant_cms_base_session=BAh7BzoPc2Vzc2lvbl9pZCIlN2Y4ZDFkMGQzZDk5ZjEwMTMwNGM4MjQwM2QxNjMxYWI6EHJlZGlyZWN0X3RvIlAvbWFya2V0L2xpc3RlZC1jb21wYW5pZXMvbGlzdC1vZi1jb21wYW5pZXMvcGxjLXByb2ZpbGUuaHRtbD9zdG9ja19jb2RlPTUwMjk%3D--ebd3621a6516ad6c22b91c8b10d385259bdf9b06; path=/; HttpOnly
	Set-Cookie: TS01d89267=01db214deb7f1ac3c34cba7f073c7caceba28625741c1d6a6b42224e9e6faba3a0f4803fc72ea8cf18e03d5e764becb8e991cdc471d993b8007536267a8348171e9f3e3469; Path=/; Domain=.www.bursamalaysia.com
2019-09-12 21:45:39+0800 [bursamalaysia_charts] DEBUG: Crawled (200) <GET http://www.bursamalaysia.com/market/listed-companies/list-of-companies/plc-profile.html?stock_code=5029> (referer: http://www.bursamalaysia.com/market/listed-companies/list-of-companies/plc-profile.html?stock_code=5029)
2019-09-12 21:45:40+0800 [bursamalaysia_charts] ERROR: Spider must return Request, BaseItem or None, got 'int' in <GET http://www.bursamalaysia.com/market/listed-companies/list-of-companies/plc-profile.html?stock_code=5029>
2019-09-12 21:45:40+0800 [bursamalaysia_charts] INFO: Closing spider (finished)
2019-09-12 21:45:40+0800 [bursamalaysia_charts] INFO: Dumping Scrapy stats:
	{'downloader/request_bytes': 1733,
	 'downloader/request_count': 2,
	 'downloader/request_method_count/GET': 2,
	 'downloader/response_bytes': 54719,
	 'downloader/response_count': 2,
	 'downloader/response_status_count/200': 2,
	 'finish_reason': 'finished',
	 'finish_time': datetime.datetime(2019, 9, 12, 13, 45, 40, 866059),
	 'log_count/DEBUG': 7,
	 'log_count/ERROR': 1,
	 'log_count/INFO': 7,
	 'request_depth_max': 1,
	 'response_received_count': 2,
	 'scheduler/dequeued': 2,
	 'scheduler/dequeued/memory': 2,
	 'scheduler/enqueued': 2,
	 'scheduler/enqueued/memory': 2,
	 'start_time': datetime.datetime(2019, 9, 12, 13, 45, 15, 19507)}
2019-09-12 21:45:40+0800 [bursamalaysia_charts] INFO: Spider closed (finished)
-----------------
Close =  2.700
Adjustment =  0.020
Percentage Change =  +0.75
Volume =  850
Open =  2.650
High =  2.700
Low =  2.650
***** Record Inserted *****
