2019-09-12 17:05:17+0800 [scrapy] INFO: Scrapy 0.24.4 started (bot: google adsense)
2019-09-12 17:05:17+0800 [scrapy] INFO: Optional features available: ssl, http11
2019-09-12 17:05:17+0800 [scrapy] INFO: Overridden settings: {'COOKIES_DEBUG': True, 'NEWSPIDER_MODULE': 'ockgroup.spiders', 'SPIDER_MODULES': ['ockgroup.spiders'], 'DOWNLOAD_DELAY': 2, 'BOT_NAME': 'google adsense'}
2019-09-12 17:05:17+0800 [scrapy] INFO: Enabled extensions: LogStats, TelnetConsole, CloseSpider, WebService, CoreStats, SpiderState
2019-09-12 17:05:17+0800 [scrapy] INFO: Enabled downloader middlewares: HttpAuthMiddleware, DownloadTimeoutMiddleware, CookiesMiddleware, RandomUserAgentMiddleware, ProxyMiddleware, RetryMiddleware, DefaultHeadersMiddleware, MetaRefreshMiddleware, HttpCompressionMiddleware, RedirectMiddleware, ChunkedTransferMiddleware, DownloaderStats
2019-09-12 17:05:17+0800 [scrapy] INFO: Enabled spider middlewares: HttpErrorMiddleware, OffsiteMiddleware, RefererMiddleware, UrlLengthMiddleware, DepthMiddleware
/usr/local/lib/python2.7/site-packages/scrapy/contrib/pipeline/__init__.py:21: ScrapyDeprecationWarning: ITEM_PIPELINES defined as a list or a set is deprecated, switch to a dict
  category=ScrapyDeprecationWarning, stacklevel=1)
2019-09-12 17:05:17+0800 [scrapy] INFO: Enabled item pipelines: MyFilesPipeline
2019-09-12 17:05:17+0800 [bursamalaysia_nanyang] INFO: Spider opened
2019-09-12 17:05:17+0800 [bursamalaysia_nanyang] INFO: Crawled 0 pages (at 0 pages/min), scraped 0 items (at 0 items/min)
2019-09-12 17:05:17+0800 [scrapy] DEBUG: Telnet console listening on 127.0.0.1:6023
2019-09-12 17:05:17+0800 [scrapy] DEBUG: Web service listening on 127.0.0.1:6080
2019-09-12 17:05:17+0800 [bursamalaysia_nanyang] DEBUG: Crawled (404) <GET https://www.googleapis.com/customsearch/v1element?key=AIzaSyCVAXiUzRYsML1Pv6RwSG1gunmMikTzQqY&rsz=filtered_cse&num=10&hl=zh_CN&prettyPrint=false&source=gcsc&gss=.com&sig=cb6ef4de1f03dde8c26c6d526f8a1f35&start=0&cx=012605229465411000741:bkqdfrtbckw&q=%22Far%20East%20Holdings%22&googlehost=www.google.com&callback=google.search.Search.apiary16952&nocache=1428129005587> (referer: None)
2019-09-12 17:05:17+0800 [bursamalaysia_nanyang] DEBUG: Ignoring response <404 https://www.googleapis.com/customsearch/v1element?key=AIzaSyCVAXiUzRYsML1Pv6RwSG1gunmMikTzQqY&rsz=filtered_cse&num=10&hl=zh_CN&prettyPrint=false&source=gcsc&gss=.com&sig=cb6ef4de1f03dde8c26c6d526f8a1f35&start=0&cx=012605229465411000741:bkqdfrtbckw&q=%22Far%20East%20Holdings%22&googlehost=www.google.com&callback=google.search.Search.apiary16952&nocache=1428129005587>: HTTP status code is not handled or not allowed
2019-09-12 17:05:17+0800 [bursamalaysia_nanyang] INFO: Closing spider (finished)
2019-09-12 17:05:17+0800 [bursamalaysia_nanyang] INFO: Dumping Scrapy stats:
	{'downloader/request_bytes': 631,
	 'downloader/request_count': 1,
	 'downloader/request_method_count/GET': 1,
	 'downloader/response_bytes': 463,
	 'downloader/response_count': 1,
	 'downloader/response_status_count/404': 1,
	 'finish_reason': 'finished',
	 'finish_time': datetime.datetime(2019, 9, 12, 9, 5, 17, 471661),
	 'log_count/DEBUG': 4,
	 'log_count/INFO': 7,
	 'response_received_count': 1,
	 'scheduler/dequeued': 1,
	 'scheduler/dequeued/memory': 1,
	 'scheduler/enqueued': 1,
	 'scheduler/enqueued/memory': 1,
	 'start_time': datetime.datetime(2019, 9, 12, 9, 5, 17, 401514)}
2019-09-12 17:05:17+0800 [bursamalaysia_nanyang] INFO: Spider closed (finished)
