2019-09-12 18:10:22+0800 [scrapy] INFO: Scrapy 0.24.4 started (bot: google adsense)
2019-09-12 18:10:22+0800 [scrapy] INFO: Optional features available: ssl, http11
2019-09-12 18:10:22+0800 [scrapy] INFO: Overridden settings: {'COOKIES_DEBUG': True, 'NEWSPIDER_MODULE': 'ockgroup.spiders', 'SPIDER_MODULES': ['ockgroup.spiders'], 'DOWNLOAD_DELAY': 2, 'BOT_NAME': 'google adsense'}
2019-09-12 18:10:22+0800 [scrapy] INFO: Enabled extensions: LogStats, TelnetConsole, CloseSpider, WebService, CoreStats, SpiderState
2019-09-12 18:10:22+0800 [scrapy] INFO: Enabled downloader middlewares: HttpAuthMiddleware, DownloadTimeoutMiddleware, CookiesMiddleware, RandomUserAgentMiddleware, ProxyMiddleware, RetryMiddleware, DefaultHeadersMiddleware, MetaRefreshMiddleware, HttpCompressionMiddleware, RedirectMiddleware, ChunkedTransferMiddleware, DownloaderStats
2019-09-12 18:10:22+0800 [scrapy] INFO: Enabled spider middlewares: HttpErrorMiddleware, OffsiteMiddleware, RefererMiddleware, UrlLengthMiddleware, DepthMiddleware
/usr/local/lib/python2.7/site-packages/scrapy/contrib/pipeline/__init__.py:21: ScrapyDeprecationWarning: ITEM_PIPELINES defined as a list or a set is deprecated, switch to a dict
  category=ScrapyDeprecationWarning, stacklevel=1)
2019-09-12 18:10:22+0800 [scrapy] INFO: Enabled item pipelines: MyFilesPipeline
2019-09-12 18:10:22+0800 [bursamalaysia_eod] INFO: Spider opened
2019-09-12 18:10:22+0800 [bursamalaysia_eod] INFO: Crawled 0 pages (at 0 pages/min), scraped 0 items (at 0 items/min)
2019-09-12 18:10:22+0800 [scrapy] DEBUG: Telnet console listening on 127.0.0.1:6025
2019-09-12 18:10:22+0800 [scrapy] DEBUG: Web service listening on 127.0.0.1:6082
2019-09-12 18:10:26+0800 [bursamalaysia_eod] DEBUG: Received cookies from: <200 http://www.bursamalaysia.com/market/listed-companies/list-of-companies/plc-profile.html?stock_code=5029>
	Set-Cookie: _radiant_cms_base_session=BAh7BzoPc2Vzc2lvbl9pZCIlNzIyN2Q5OTFmNGVjYTk1NjgzYzY5MWI5NDhhMDk5ZDY6EHJlZGlyZWN0X3RvIlAvbWFya2V0L2xpc3RlZC1jb21wYW5pZXMvbGlzdC1vZi1jb21wYW5pZXMvcGxjLXByb2ZpbGUuaHRtbD9zdG9ja19jb2RlPTUwMjk%3D--df0e6931487bcdab32da8358fdfc08ef3a24b0b6; path=/; HttpOnly
	Set-Cookie: TS01d89267=01db214debd6398e694063cd32b27219ac6df05051b34d4a2a87a20b25d1f2f5efaf6ab1a1a855331e0ff8a065efbfb57d190c5e2e789563a8819105b51fd4447640e8c294; Path=/; Domain=.www.bursamalaysia.com
2019-09-12 18:10:26+0800 [bursamalaysia_eod] DEBUG: Crawled (200) <GET http://www.bursamalaysia.com/market/listed-companies/list-of-companies/plc-profile.html?stock_code=5029> (referer: None)
2019-09-12 18:10:44+0800 [bursamalaysia_eod] DEBUG: Sending cookies to: <GET http://www.bursamalaysia.com/market/listed-companies/list-of-companies/plc-profile.html?stock_code=5029>
	Cookie: _radiant_cms_base_session=BAh7BzoPc2Vzc2lvbl9pZCIlNzIyN2Q5OTFmNGVjYTk1NjgzYzY5MWI5NDhhMDk5ZDY6EHJlZGlyZWN0X3RvIlAvbWFya2V0L2xpc3RlZC1jb21wYW5pZXMvbGlzdC1vZi1jb21wYW5pZXMvcGxjLXByb2ZpbGUuaHRtbD9zdG9ja19jb2RlPTUwMjk%3D--df0e6931487bcdab32da8358fdfc08ef3a24b0b6; TS01d89267=01db214deb2cec5121b1df33634a4c47600f1c68ecc02cb25d1d57ae984fd6e207fcf3b6663b06d19e66bc9443d705127c9272a82b0da7ed40a9d6137547874a62bf2119fc; _radiant_cms_base_session=BAh7BzoPc2Vzc2lvbl9pZCIlOTRiZjQ0ZjkxY2VjOTEzOGM5MmQ5ZTNjMzcwOGE2ZmE6EHJlZGlyZWN0X3RvIlAvbWFya2V0L2xpc3RlZC1jb21wYW5pZXMvbGlzdC1vZi1jb21wYW5pZXMvcGxjLXByb2ZpbGUuaHRtbD9zdG9ja19jb2RlPTUwMjk%3D--778978d2cb42b5494a7a68afaa7997e510136be8; __utmz=133856029.1568283030.1.1.utmcsr=(direct)|utmccn=(direct)|utmcmd=(none); __utmt=1; _ga=GA1.2.513525114.1568283030; _gid=GA1.2.1590721525.1568283030; _gat_gtag_UA_4292158_61=1; __utma=133856029.513525114.1568283030.1568283030.1568283030.1; __utmb=133856029.2.10.1568283030; __utmc=133856029
2019-09-12 18:10:47+0800 [bursamalaysia_eod] DEBUG: Received cookies from: <200 http://www.bursamalaysia.com/market/listed-companies/list-of-companies/plc-profile.html?stock_code=5029>
	Set-Cookie: _radiant_cms_base_session=BAh7BzoPc2Vzc2lvbl9pZCIlNzIyN2Q5OTFmNGVjYTk1NjgzYzY5MWI5NDhhMDk5ZDY6EHJlZGlyZWN0X3RvIlAvbWFya2V0L2xpc3RlZC1jb21wYW5pZXMvbGlzdC1vZi1jb21wYW5pZXMvcGxjLXByb2ZpbGUuaHRtbD9zdG9ja19jb2RlPTUwMjk%3D--df0e6931487bcdab32da8358fdfc08ef3a24b0b6; path=/; HttpOnly
	Set-Cookie: TS01d89267=01db214deb91129e583fb9da8d4cfe2e90fd248f77c02cb25d1d57ae984fd6e207fcf3b6663b06d19e66bc9443d705127c9272a82bcaa679b4ea92ff92f72d88f5d5a74a3c; Path=/; Domain=.www.bursamalaysia.com
2019-09-12 18:10:47+0800 [bursamalaysia_eod] DEBUG: Crawled (200) <GET http://www.bursamalaysia.com/market/listed-companies/list-of-companies/plc-profile.html?stock_code=5029> (referer: http://www.bursamalaysia.com/market/listed-companies/list-of-companies/plc-profile.html?stock_code=5029)
2019-09-12 18:10:47+0800 [bursamalaysia_eod] ERROR: Spider must return Request, BaseItem or None, got 'int' in <GET http://www.bursamalaysia.com/market/listed-companies/list-of-companies/plc-profile.html?stock_code=5029>
2019-09-12 18:10:47+0800 [bursamalaysia_eod] INFO: Closing spider (finished)
2019-09-12 18:10:47+0800 [bursamalaysia_eod] INFO: Dumping Scrapy stats:
	{'downloader/request_bytes': 1837,
	 'downloader/request_count': 2,
	 'downloader/request_method_count/GET': 2,
	 'downloader/response_bytes': 54719,
	 'downloader/response_count': 2,
	 'downloader/response_status_count/200': 2,
	 'finish_reason': 'finished',
	 'finish_time': datetime.datetime(2019, 9, 12, 10, 10, 47, 994447),
	 'log_count/DEBUG': 7,
	 'log_count/ERROR': 1,
	 'log_count/INFO': 7,
	 'request_depth_max': 1,
	 'response_received_count': 2,
	 'scheduler/dequeued': 2,
	 'scheduler/dequeued/memory': 2,
	 'scheduler/enqueued': 2,
	 'scheduler/enqueued/memory': 2,
	 'start_time': datetime.datetime(2019, 9, 12, 10, 10, 22, 666331)}
2019-09-12 18:10:47+0800 [bursamalaysia_eod] INFO: Spider closed (finished)
-----------------
Close =  2.700
Adjustment =  0.020
Volume =  850
Open =  2.650
High =  2.700
Low =  2.650
***** Record Inserted *****
