2019-09-12 19:12:06+0800 [scrapy] INFO: Scrapy 0.24.4 started (bot: google adsense)
2019-09-12 19:12:06+0800 [scrapy] INFO: Optional features available: ssl, http11
2019-09-12 19:12:06+0800 [scrapy] INFO: Overridden settings: {'COOKIES_DEBUG': True, 'NEWSPIDER_MODULE': 'ockgroup.spiders', 'SPIDER_MODULES': ['ockgroup.spiders'], 'DOWNLOAD_DELAY': 2, 'BOT_NAME': 'google adsense'}
2019-09-12 19:12:06+0800 [scrapy] INFO: Enabled extensions: LogStats, TelnetConsole, CloseSpider, WebService, CoreStats, SpiderState
2019-09-12 19:12:06+0800 [scrapy] INFO: Enabled downloader middlewares: HttpAuthMiddleware, DownloadTimeoutMiddleware, CookiesMiddleware, RandomUserAgentMiddleware, ProxyMiddleware, RetryMiddleware, DefaultHeadersMiddleware, MetaRefreshMiddleware, HttpCompressionMiddleware, RedirectMiddleware, ChunkedTransferMiddleware, DownloaderStats
2019-09-12 19:12:06+0800 [scrapy] INFO: Enabled spider middlewares: HttpErrorMiddleware, OffsiteMiddleware, RefererMiddleware, UrlLengthMiddleware, DepthMiddleware
/usr/local/lib/python2.7/site-packages/scrapy/contrib/pipeline/__init__.py:21: ScrapyDeprecationWarning: ITEM_PIPELINES defined as a list or a set is deprecated, switch to a dict
  category=ScrapyDeprecationWarning, stacklevel=1)
2019-09-12 19:12:06+0800 [scrapy] INFO: Enabled item pipelines: MyFilesPipeline
2019-09-12 19:12:06+0800 [bursamalaysia_main] INFO: Spider opened
2019-09-12 19:12:06+0800 [bursamalaysia_main] INFO: Crawled 0 pages (at 0 pages/min), scraped 0 items (at 0 items/min)
2019-09-12 19:12:06+0800 [scrapy] DEBUG: Telnet console listening on 127.0.0.1:6024
2019-09-12 19:12:06+0800 [scrapy] DEBUG: Web service listening on 127.0.0.1:6081
2019-09-12 19:12:09+0800 [bursamalaysia_main] DEBUG: Received cookies from: <200 http://www.bursamalaysia.com/market/listed-companies/list-of-companies/plc-profile.html?stock_code=5029>
	Set-Cookie: _radiant_cms_base_session=BAh7BzoPc2Vzc2lvbl9pZCIlYjViNDU4MjFhYjg3OWY2YmI3M2IwZjkxOTY5YmI3MGE6EHJlZGlyZWN0X3RvIlAvbWFya2V0L2xpc3RlZC1jb21wYW5pZXMvbGlzdC1vZi1jb21wYW5pZXMvcGxjLXByb2ZpbGUuaHRtbD9zdG9ja19jb2RlPTUwMjk%3D--2f652ba90f6dc2fbf377be264f4cdc787bf6d98d; path=/; HttpOnly
	Set-Cookie: TS01d89267=01db214deb3ed08ce1df3d0a3505ed5333ea7b16b67d85de9a0e542bd1dcd7f3a42fb5a8d58c03c77fd04a45f51fd787dd63494660d8d86d5f181bdd305dab377e38078d47; Path=/; Domain=.www.bursamalaysia.com
2019-09-12 19:12:09+0800 [bursamalaysia_main] DEBUG: Crawled (200) <GET http://www.bursamalaysia.com/market/listed-companies/list-of-companies/plc-profile.html?stock_code=5029> (referer: None)
2019-09-12 19:12:28+0800 [bursamalaysia_main] DEBUG: Sending cookies to: <GET http://www.bursamalaysia.com/market/listed-companies/list-of-companies/plc-profile.html?stock_code=5029>
	Cookie: _radiant_cms_base_session=BAh7BzoPc2Vzc2lvbl9pZCIlYjViNDU4MjFhYjg3OWY2YmI3M2IwZjkxOTY5YmI3MGE6EHJlZGlyZWN0X3RvIlAvbWFya2V0L2xpc3RlZC1jb21wYW5pZXMvbGlzdC1vZi1jb21wYW5pZXMvcGxjLXByb2ZpbGUuaHRtbD9zdG9ja19jb2RlPTUwMjk%3D--2f652ba90f6dc2fbf377be264f4cdc787bf6d98d; TS01d89267=01db214deb1c62b1ce4b488b065754f4df4c8ec31b6cc22df20c601ad7f3858b4cf9cb72c8a6f4775acc97041d742af713e383ebc4278af5d91762e6ad08ba33c30ea10603; _radiant_cms_base_session=BAh7BzoPc2Vzc2lvbl9pZCIlZjM5MjQ5MWMxMWZlZmM1ODEzMTIyODcwNWRlNTRhZjc6EHJlZGlyZWN0X3RvIlAvbWFya2V0L2xpc3RlZC1jb21wYW5pZXMvbGlzdC1vZi1jb21wYW5pZXMvcGxjLXByb2ZpbGUuaHRtbD9zdG9ja19jb2RlPTUwMjk%3D--e309d138c53359a83d8d399bdeaf6a687902a1a6; __utma=133856029.1635847818.1568286733.1568286733.1568286733.1; __utmz=133856029.1568286733.1.1.utmcsr=(direct)|utmccn=(direct)|utmcmd=(none); __utmc=133856029; __utmt=1; __utmb=133856029.2.10.1568286733
2019-09-12 19:12:30+0800 [bursamalaysia_main] DEBUG: Received cookies from: <200 http://www.bursamalaysia.com/market/listed-companies/list-of-companies/plc-profile.html?stock_code=5029>
	Set-Cookie: _radiant_cms_base_session=BAh7BzoPc2Vzc2lvbl9pZCIlYjViNDU4MjFhYjg3OWY2YmI3M2IwZjkxOTY5YmI3MGE6EHJlZGlyZWN0X3RvIlAvbWFya2V0L2xpc3RlZC1jb21wYW5pZXMvbGlzdC1vZi1jb21wYW5pZXMvcGxjLXByb2ZpbGUuaHRtbD9zdG9ja19jb2RlPTUwMjk%3D--2f652ba90f6dc2fbf377be264f4cdc787bf6d98d; path=/; HttpOnly
	Set-Cookie: TS01d89267=01db214debcd6cc0a8127e653a9239ae2565027a706cc22df20c601ad7f3858b4cf9cb72c8a6f4775acc97041d742af713e383ebc4d5d0dfcb97f80c4d5ed2873db8ff9460; Path=/; Domain=.www.bursamalaysia.com
2019-09-12 19:12:30+0800 [bursamalaysia_main] DEBUG: Crawled (200) <GET http://www.bursamalaysia.com/market/listed-companies/list-of-companies/plc-profile.html?stock_code=5029> (referer: http://www.bursamalaysia.com/market/listed-companies/list-of-companies/plc-profile.html?stock_code=5029)
2019-09-12 19:12:31+0800 [bursamalaysia_main] INFO: Closing spider (finished)
2019-09-12 19:12:31+0800 [bursamalaysia_main] INFO: Dumping Scrapy stats:
	{'downloader/request_bytes': 1662,
	 'downloader/request_count': 2,
	 'downloader/request_method_count/GET': 2,
	 'downloader/response_bytes': 54719,
	 'downloader/response_count': 2,
	 'downloader/response_status_count/200': 2,
	 'finish_reason': 'finished',
	 'finish_time': datetime.datetime(2019, 9, 12, 11, 12, 31, 67683),
	 'log_count/DEBUG': 7,
	 'log_count/INFO': 7,
	 'request_depth_max': 1,
	 'response_received_count': 2,
	 'scheduler/dequeued': 2,
	 'scheduler/dequeued/memory': 2,
	 'scheduler/enqueued': 2,
	 'scheduler/enqueued/memory': 2,
	 'start_time': datetime.datetime(2019, 9, 12, 11, 12, 6, 760912)}
2019-09-12 19:12:31+0800 [bursamalaysia_main] INFO: Spider closed (finished)
-----------------
Listing =  MAIN MARKET
Sector =  PLANTATION
Stock Code =  5029
Traceback (most recent call last):
  File "/home/fareastholdingsb/yo/scrapy/ockgroup/ockgroup/spiders/bursamalaysia_main.py", line 142, in parse_start_url
    CURSOR.execute("""INSERT into 'corporate_stockinfo' (stock_name,stock_code,listing,sector) values (%s,%s,%s,%s)""", (fehb_stock_name,fehb_stock_code,fehb_listing,fehb_sector))
  File "/usr/local/lib/python2.7/site-packages/MySQLdb/cursors.py", line 205, in execute
    self.errorhandler(self, exc, value)
  File "/usr/local/lib/python2.7/site-packages/MySQLdb/connections.py", line 36, in defaulterrorhandler
    raise errorclass, errorvalue
ProgrammingError: (1064, "You have an error in your SQL syntax; check the manual that corresponds to your MySQL server version for the right syntax to use near ''corporate_stockinfo' (stock_name,stock_code,listing,sector) values ((),'5029','' at line 1")

Error
