2019-09-12 21:20:02+0800 [scrapy] INFO: Scrapy 0.24.4 started (bot: google adsense)
2019-09-12 21:20:02+0800 [scrapy] INFO: Optional features available: ssl, http11
2019-09-12 21:20:02+0800 [scrapy] INFO: Overridden settings: {'COOKIES_DEBUG': True, 'NEWSPIDER_MODULE': 'ockgroup.spiders', 'SPIDER_MODULES': ['ockgroup.spiders'], 'DOWNLOAD_DELAY': 2, 'BOT_NAME': 'google adsense'}
2019-09-12 21:20:02+0800 [scrapy] INFO: Enabled extensions: LogStats, TelnetConsole, CloseSpider, WebService, CoreStats, SpiderState
2019-09-12 21:20:02+0800 [scrapy] INFO: Enabled downloader middlewares: HttpAuthMiddleware, DownloadTimeoutMiddleware, CookiesMiddleware, RandomUserAgentMiddleware, ProxyMiddleware, RetryMiddleware, DefaultHeadersMiddleware, MetaRefreshMiddleware, HttpCompressionMiddleware, RedirectMiddleware, ChunkedTransferMiddleware, DownloaderStats
2019-09-12 21:20:02+0800 [scrapy] INFO: Enabled spider middlewares: HttpErrorMiddleware, OffsiteMiddleware, RefererMiddleware, UrlLengthMiddleware, DepthMiddleware
/usr/local/lib/python2.7/site-packages/scrapy/contrib/pipeline/__init__.py:21: ScrapyDeprecationWarning: ITEM_PIPELINES defined as a list or a set is deprecated, switch to a dict
  category=ScrapyDeprecationWarning, stacklevel=1)
2019-09-12 21:20:02+0800 [scrapy] INFO: Enabled item pipelines: MyFilesPipeline
2019-09-12 21:20:02+0800 [bursamalaysia_announcements] INFO: Spider opened
2019-09-12 21:20:02+0800 [bursamalaysia_announcements] INFO: Crawled 0 pages (at 0 pages/min), scraped 0 items (at 0 items/min)
2019-09-12 21:20:02+0800 [scrapy] DEBUG: Telnet console listening on 127.0.0.1:6023
2019-09-12 21:20:02+0800 [scrapy] DEBUG: Web service listening on 127.0.0.1:6080
2019-09-12 21:20:07+0800 [bursamalaysia_announcements] DEBUG: Received cookies from: <200 http://ws.bursamalaysia.com/market/listed-companies/company-announcements/>
	Set-Cookie: _radiant_cms_base_session=BAh7BzoPc2Vzc2lvbl9pZCIlYzU1N2UwZGFmYjhhNTM0OGUyY2QyZGQ2M2Q5YzJlODg6EHJlZGlyZWN0X3RvIjQvbWFya2V0L2xpc3RlZC1jb21wYW5pZXMvY29tcGFueS1hbm5vdW5jZW1lbnRzLw%3D%3D--f70eff8b72d718fc0b51325e3e212369c9f9cad6; path=/; HttpOnly
2019-09-12 21:20:08+0800 [bursamalaysia_announcements] DEBUG: Crawled (200) <GET http://ws.bursamalaysia.com/market/listed-companies/company-announcements/#/?=&company=5029&page=1> (referer: None)
2019-09-12 21:20:08+0800 [bursamalaysia_announcements] DEBUG: Sending cookies to: <GET http://ws.bursamalaysia.com/market/listed-companies/company-announcements/#/?=&company=5029&page=1>
	Cookie: _radiant_cms_base_session=BAh7BzoPc2Vzc2lvbl9pZCIlYzU1N2UwZGFmYjhhNTM0OGUyY2QyZGQ2M2Q5YzJlODg6EHJlZGlyZWN0X3RvIjQvbWFya2V0L2xpc3RlZC1jb21wYW5pZXMvY29tcGFueS1hbm5vdW5jZW1lbnRzLw%3D%3D--f70eff8b72d718fc0b51325e3e212369c9f9cad6
2019-09-12 21:20:13+0800 [bursamalaysia_announcements] DEBUG: Received cookies from: <200 http://ws.bursamalaysia.com/market/listed-companies/company-announcements/>
	Set-Cookie: _radiant_cms_base_session=BAh7BzoPc2Vzc2lvbl9pZCIlYzU1N2UwZGFmYjhhNTM0OGUyY2QyZGQ2M2Q5YzJlODg6EHJlZGlyZWN0X3RvIjQvbWFya2V0L2xpc3RlZC1jb21wYW5pZXMvY29tcGFueS1hbm5vdW5jZW1lbnRzLw%3D%3D--f70eff8b72d718fc0b51325e3e212369c9f9cad6; path=/; HttpOnly
2019-09-12 21:20:13+0800 [bursamalaysia_announcements] DEBUG: Crawled (200) <GET http://ws.bursamalaysia.com/market/listed-companies/company-announcements/#/?=&company=5029&page=1> (referer: http://ws.bursamalaysia.com/market/listed-companies/company-announcements/)
2019-09-12 21:20:13+0800 [bursamalaysia_announcements] INFO: Closing spider (finished)
2019-09-12 21:20:13+0800 [bursamalaysia_announcements] INFO: Dumping Scrapy stats:
	{'downloader/request_bytes': 929,
	 'downloader/request_count': 2,
	 'downloader/request_method_count/GET': 2,
	 'downloader/response_bytes': 107308,
	 'downloader/response_count': 2,
	 'downloader/response_status_count/200': 2,
	 'finish_reason': 'finished',
	 'finish_time': datetime.datetime(2019, 9, 12, 13, 20, 13, 603589),
	 'log_count/DEBUG': 7,
	 'log_count/INFO': 7,
	 'request_depth_max': 1,
	 'response_received_count': 2,
	 'scheduler/dequeued': 2,
	 'scheduler/dequeued/memory': 2,
	 'scheduler/enqueued': 2,
	 'scheduler/enqueued/memory': 2,
	 'start_time': datetime.datetime(2019, 9, 12, 13, 20, 2, 980085)}
2019-09-12 21:20:13+0800 [bursamalaysia_announcements] INFO: Spider closed (finished)
