2015-07-03 14:30:02+0800 [scrapy] INFO: Scrapy 0.24.4 started (bot: google adsense)
2015-07-03 14:30:02+0800 [scrapy] INFO: Optional features available: ssl, http11
2015-07-03 14:30:02+0800 [scrapy] INFO: Overridden settings: {'COOKIES_DEBUG': True, 'NEWSPIDER_MODULE': 'ockgroup.spiders', 'SPIDER_MODULES': ['ockgroup.spiders'], 'DOWNLOAD_DELAY': 2, 'BOT_NAME': 'google adsense'}
2015-07-03 14:30:02+0800 [scrapy] INFO: Enabled extensions: LogStats, TelnetConsole, CloseSpider, WebService, CoreStats, SpiderState
2015-07-03 14:30:02+0800 [scrapy] INFO: Enabled downloader middlewares: HttpAuthMiddleware, DownloadTimeoutMiddleware, CookiesMiddleware, RandomUserAgentMiddleware, ProxyMiddleware, RetryMiddleware, DefaultHeadersMiddleware, MetaRefreshMiddleware, HttpCompressionMiddleware, RedirectMiddleware, ChunkedTransferMiddleware, DownloaderStats
2015-07-03 14:30:03+0800 [scrapy] INFO: Enabled spider middlewares: HttpErrorMiddleware, OffsiteMiddleware, RefererMiddleware, UrlLengthMiddleware, DepthMiddleware
/usr/local/lib/python2.7/site-packages/scrapy/contrib/pipeline/__init__.py:21: ScrapyDeprecationWarning: ITEM_PIPELINES defined as a list or a set is deprecated, switch to a dict
  category=ScrapyDeprecationWarning, stacklevel=1)
2015-07-03 14:30:03+0800 [scrapy] INFO: Enabled item pipelines: MyFilesPipeline
2015-07-03 14:30:03+0800 [bursamalaysia_charts] INFO: Spider opened
2015-07-03 14:30:03+0800 [bursamalaysia_charts] INFO: Crawled 0 pages (at 0 pages/min), scraped 0 items (at 0 items/min)
2015-07-03 14:30:03+0800 [scrapy] DEBUG: Telnet console listening on 127.0.0.1:6024
2015-07-03 14:30:03+0800 [scrapy] DEBUG: Web service listening on 127.0.0.1:6081
2015-07-03 14:30:03+0800 [bursamalaysia_charts] DEBUG: Crawled (200) <GET http://www.bursamalaysia.com/market/listed-companies/list-of-companies/plc-profile.html?stock_code=0172> (referer: None)
2015-07-03 14:30:23+0800 [bursamalaysia_charts] DEBUG: Sending cookies to: <GET http://www.bursamalaysia.com/market/listed-companies/list-of-companies/plc-profile.html?stock_code=0172>
	Cookie: _pk_ses.1.400e=*; TS01472ad6_28=010e64b483469fa4983a03448152f0862e0eef0bde787bf8e1553f11d40c37e2cbc0c30e956a9902d908651f3c8aea79447a4c1591; _radiant_cms_base_session=BAh7BzoPc2Vzc2lvbl9pZCIlNmRhMDdkOTc1OTQ2ZjU4YTUwODkwNDU1MjEzZTFhMzY6EHJlZGlyZWN0X3RvIlAvbWFya2V0L2xpc3RlZC1jb21wYW5pZXMvbGlzdC1vZi1jb21wYW5pZXMvcGxjLXByb2ZpbGUuaHRtbD9zdG9ja19jb2RlPTAxNzI%3D--b990d7d94befca2711a01f8b80455e787ef2f1d3; TS01472ad6=0196683c3da7d1ec95802603823fae5973bb1f3483274fb7339708d8e7cdd26d8bb73dd71e8a48be5fa82b03be3d04d7d9e14f2afa; _pk_id.1.400e=eabd7a5a4d2cf579.1435905007.1.1435905007.1435905007.; __utma=133856029.1512468247.1435905007.1435905007.1435905007.1; __utmz=133856029.1435905007.1.1.utmcsr=(direct)|utmccn=(direct)|utmcmd=(none); __utmc=133856029; __utmt=1; __utmb=133856029.2.10.1435905007
2015-07-03 14:30:26+0800 [bursamalaysia_charts] DEBUG: Received cookies from: <200 http://www.bursamalaysia.com/market/listed-companies/list-of-companies/plc-profile.html?stock_code=0172>
	Set-Cookie: _radiant_cms_base_session=BAh7BzoPc2Vzc2lvbl9pZCIlNmRhMDdkOTc1OTQ2ZjU4YTUwODkwNDU1MjEzZTFhMzY6EHJlZGlyZWN0X3RvIlAvbWFya2V0L2xpc3RlZC1jb21wYW5pZXMvbGlzdC1vZi1jb21wYW5pZXMvcGxjLXByb2ZpbGUuaHRtbD9zdG9ja19jb2RlPTAxNzI%3D--b990d7d94befca2711a01f8b80455e787ef2f1d3; path=/; HttpOnly
	Set-Cookie: TS01472ad6=0196683c3da7d1ec95802603823fae5973bb1f3483274fb7339708d8e7cdd26d8bb73dd71e8a48be5fa82b03be3d04d7d9e14f2afa; Path=/
2015-07-03 14:30:26+0800 [bursamalaysia_charts] DEBUG: Crawled (200) <GET http://www.bursamalaysia.com/market/listed-companies/list-of-companies/plc-profile.html?stock_code=0172> (referer: http://www.bursamalaysia.com/market/listed-companies/list-of-companies/plc-profile.html?stock_code=0172)
2015-07-03 14:30:26+0800 [bursamalaysia_charts] ERROR: Spider must return Request, BaseItem or None, got 'int' in <GET http://www.bursamalaysia.com/market/listed-companies/list-of-companies/plc-profile.html?stock_code=0172>
2015-07-03 14:30:26+0800 [bursamalaysia_charts] INFO: Closing spider (finished)
2015-07-03 14:30:26+0800 [bursamalaysia_charts] INFO: Dumping Scrapy stats:
	{'downloader/request_bytes': 1607,
	 'downloader/request_count': 2,
	 'downloader/request_method_count/GET': 2,
	 'downloader/response_bytes': 38149,
	 'downloader/response_count': 2,
	 'downloader/response_status_count/200': 2,
	 'finish_reason': 'finished',
	 'finish_time': datetime.datetime(2015, 7, 3, 6, 30, 26, 662400),
	 'log_count/DEBUG': 6,
	 'log_count/ERROR': 1,
	 'log_count/INFO': 7,
	 'request_depth_max': 1,
	 'response_received_count': 2,
	 'scheduler/dequeued': 2,
	 'scheduler/dequeued/memory': 2,
	 'scheduler/enqueued': 2,
	 'scheduler/enqueued/memory': 2,
	 'start_time': datetime.datetime(2015, 7, 3, 6, 30, 3, 13256)}
2015-07-03 14:30:26+0800 [bursamalaysia_charts] INFO: Spider closed (finished)
-----------------
Close =  0.835
Adjustment =  -0.005
Percentage Change =  -0.60
Volume =  15,835
Open =  0.850
High =  0.870
Low =  0.830
***** Record Inserted *****
